api:I:2021-09-02|16:06:45: dpu_load: "trivial_checksum_example_long"
api:I:2021-09-02|16:06:47: [30010000] dpu_dump_power_profiling: mean_uw : 0
api:I:2021-09-02|16:06:47: [30010000] dpu_dump_power_profiling: max_uw : 23292356
api:I:2021-09-02|16:06:47: [30010000] dpu_dump_power_profiling: min_uw : 15523830
api:I:2021-09-02|16:06:47: [30010000] dpu_dump_power_profiling: nsamples : -1
api:I:2021-09-02|16:06:47: [30010000] dpu_dump_power_profiling: time_us : 2249875
api:I:2021-09-02|16:06:47: [30010000] dpu_dump_power_profiling: Tsample_us : 134
api:I:2021-09-02|16:06:47: [30020000] dpu_dump_power_profiling: mean_uw : 0
api:I:2021-09-02|16:06:47: [30020000] dpu_dump_power_profiling: max_uw : 22500238
api:I:2021-09-02|16:06:47: [30020000] dpu_dump_power_profiling: min_uw : 16242626
api:I:2021-09-02|16:06:47: [30020000] dpu_dump_power_profiling: nsamples : -1
api:I:2021-09-02|16:06:47: [30020000] dpu_dump_power_profiling: time_us : 2410921
api:I:2021-09-02|16:06:47: [30020000] dpu_dump_power_profiling: Tsample_us : 91
api:I:2021-09-02|16:06:47: [30030000] dpu_dump_power_profiling: mean_uw : 19185948
api:I:2021-09-02|16:06:47: [30030000] dpu_dump_power_profiling: max_uw : 23292356
api:I:2021-09-02|16:06:47: [30030000] dpu_dump_power_profiling: min_uw : 15325500
api:I:2021-09-02|16:06:47: [30030000] dpu_dump_power_profiling: nsamples : 15082
api:I:2021-09-02|16:06:47: [30030000] dpu_dump_power_profiling: time_us : 2090201
api:I:2021-09-02|16:06:47: [30030000] dpu_dump_power_profiling: Tsample_us : 138
api:I:2021-09-02|16:06:47: [300b0000] dpu_dump_power_profiling: mean_uw : 0
api:I:2021-09-02|16:06:47: [300b0000] dpu_dump_power_profiling: max_uw : 22280272
api:I:2021-09-02|16:06:47: [300b0000] dpu_dump_power_profiling: min_uw : 17027532
api:I:2021-09-02|16:06:47: [300b0000] dpu_dump_power_profiling: nsamples : -1
api:I:2021-09-02|16:06:47: [300b0000] dpu_dump_power_profiling: time_us : 2105005
api:I:2021-09-02|16:06:47: [300b0000] dpu_dump_power_profiling: Tsample_us : 91
api:I:2021-09-02|16:06:47: [300c0000] dpu_dump_power_profiling: mean_uw : 0
api:I:2021-09-02|16:06:47: [300c0000] dpu_dump_power_profiling: max_uw : 21979772
api:I:2021-09-02|16:06:47: [300c0000] dpu_dump_power_profiling: min_uw : 16668134
api:I:2021-09-02|16:06:47: [300c0000] dpu_dump_power_profiling: nsamples : -1
api:I:2021-09-02|16:06:47: [300c0000] dpu_dump_power_profiling: time_us : 2117198
api:I:2021-09-02|16:06:47: [300c0000] dpu_dump_power_profiling: Tsample_us : 91
api:I:2021-09-02|16:06:47: [30040000] dpu_dump_power_profiling: mean_uw : 0
api:I:2021-09-02|16:06:47: [30040000] dpu_dump_power_profiling: max_uw : 22162476
api:I:2021-09-02|16:06:47: [30040000] dpu_dump_power_profiling: min_uw : 16249838
api:I:2021-09-02|16:06:47: [30040000] dpu_dump_power_profiling: nsamples : -1
api:I:2021-09-02|16:06:47: [30040000] dpu_dump_power_profiling: time_us : 2116836
api:I:2021-09-02|16:06:47: [30040000] dpu_dump_power_profiling: Tsample_us : 91
api:I:2021-09-02|16:06:47: [300d0000] dpu_dump_power_profiling: mean_uw : 0
api:I:2021-09-02|16:06:47: [300d0000] dpu_dump_power_profiling: max_uw : 22940170
api:I:2021-09-02|16:06:47: [300d0000] dpu_dump_power_profiling: min_uw : 15904864
api:I:2021-09-02|16:06:47: [300d0000] dpu_dump_power_profiling: nsamples : -1
api:I:2021-09-02|16:06:47: [300d0000] dpu_dump_power_profiling: time_us : 2179548
api:I:2021-09-02|16:06:47: [300d0000] dpu_dump_power_profiling: Tsample_us : 93
api:I:2021-09-02|16:06:47: [300e0000] dpu_dump_power_profiling: mean_uw : 19030132
api:I:2021-09-02|16:06:47: [300e0000] dpu_dump_power_profiling: max_uw : 21979772
api:I:2021-09-02|16:06:47: [300e0000] dpu_dump_power_profiling: min_uw : 16616448
api:I:2021-09-02|16:06:47: [300e0000] dpu_dump_power_profiling: nsamples : 22849
api:I:2021-09-02|16:06:47: [300e0000] dpu_dump_power_profiling: time_us : 2085535
api:I:2021-09-02|16:06:47: [300e0000] dpu_dump_power_profiling: Tsample_us : 91
api:I:2021-09-02|16:06:47: [300f0000] dpu_dump_power_profiling: mean_uw : 19073517
api:I:2021-09-02|16:06:47: [300f0000] dpu_dump_power_profiling: max_uw : 22940170
api:I:2021-09-02|16:06:47: [300f0000] dpu_dump_power_profiling: min_uw : 15904864
api:I:2021-09-02|16:06:47: [300f0000] dpu_dump_power_profiling: nsamples : 22339
api:I:2021-09-02|16:06:47: [300f0000] dpu_dump_power_profiling: time_us : 2084149
api:I:2021-09-02|16:06:47: [300f0000] dpu_dump_power_profiling: Tsample_us : 93
api:I:2021-09-02|16:06:48: [30080000] dpu_dump_power_profiling: mean_uw : 0
api:I:2021-09-02|16:06:48: [30080000] dpu_dump_power_profiling: max_uw : 22382442
api:I:2021-09-02|16:06:48: [30080000] dpu_dump_power_profiling: min_uw : 16807566
api:I:2021-09-02|16:06:48: [30080000] dpu_dump_power_profiling: nsamples : -1
api:I:2021-09-02|16:06:48: [30080000] dpu_dump_power_profiling: time_us : 2085510
api:I:2021-09-02|16:06:48: [30080000] dpu_dump_power_profiling: Tsample_us : 91
api:I:2021-09-02|16:06:48: [30050000] dpu_dump_power_profiling: mean_uw : 0
api:I:2021-09-02|16:06:48: [30050000] dpu_dump_power_profiling: max_uw : 22852424
api:I:2021-09-02|16:06:48: [30050000] dpu_dump_power_profiling: min_uw : 15853178
api:I:2021-09-02|16:06:48: [30050000] dpu_dump_power_profiling: nsamples : -1
api:I:2021-09-02|16:06:48: [30050000] dpu_dump_power_profiling: time_us : 2117530
api:I:2021-09-02|16:06:48: [30050000] dpu_dump_power_profiling: Tsample_us : 93
api:I:2021-09-02|16:06:48: [30090000] dpu_dump_power_profiling: mean_uw : 19393089
api:I:2021-09-02|16:06:48: [30090000] dpu_dump_power_profiling: max_uw : 22280272
api:I:2021-09-02|16:06:48: [30090000] dpu_dump_power_profiling: min_uw : 16909736
api:I:2021-09-02|16:06:48: [30090000] dpu_dump_power_profiling: nsamples : 23298
api:I:2021-09-02|16:06:48: [30090000] dpu_dump_power_profiling: time_us : 2126495
api:I:2021-09-02|16:06:48: [30090000] dpu_dump_power_profiling: Tsample_us : 91
api:I:2021-09-02|16:06:48: [30060000] dpu_dump_power_profiling: mean_uw : 19020415
api:I:2021-09-02|16:06:48: [30060000] dpu_dump_power_profiling: max_uw : 22162476
api:I:2021-09-02|16:06:48: [30060000] dpu_dump_power_profiling: min_uw : 16249838
api:I:2021-09-02|16:06:48: [30060000] dpu_dump_power_profiling: nsamples : 24243
api:I:2021-09-02|16:06:48: [30060000] dpu_dump_power_profiling: time_us : 2211581
api:I:2021-09-02|16:06:48: [30060000] dpu_dump_power_profiling: Tsample_us : 91
api:I:2021-09-02|16:06:48: [30070000] dpu_dump_power_profiling: mean_uw : 19131331
api:I:2021-09-02|16:06:48: [30070000] dpu_dump_power_profiling: max_uw : 22852424
api:I:2021-09-02|16:06:48: [30070000] dpu_dump_power_profiling: min_uw : 15853178
api:I:2021-09-02|16:06:48: [30070000] dpu_dump_power_profiling: nsamples : 23861
api:I:2021-09-02|16:06:48: [30070000] dpu_dump_power_profiling: time_us : 2213743
api:I:2021-09-02|16:06:48: [30070000] dpu_dump_power_profiling: Tsample_us : 92
api:I:2021-09-02|16:06:48: [300a0000] dpu_dump_power_profiling: mean_uw : 19387545
api:I:2021-09-02|16:06:48: [300a0000] dpu_dump_power_profiling: max_uw : 22382442
api:I:2021-09-02|16:06:48: [300a0000] dpu_dump_power_profiling: min_uw : 16784728
api:I:2021-09-02|16:06:48: [300a0000] dpu_dump_power_profiling: nsamples : 23298
api:I:2021-09-02|16:06:48: [300a0000] dpu_dump_power_profiling: time_us : 2125664
api:I:2021-09-02|16:06:48: [300a0000] dpu_dump_power_profiling: Tsample_us : 91
api:I:2021-09-02|16:06:48: [30000000] dpu_dump_power_profiling: mean_uw : 19201320
api:I:2021-09-02|16:06:48: [30000000] dpu_dump_power_profiling: max_uw : 22500238
api:I:2021-09-02|16:06:48: [30000000] dpu_dump_power_profiling: min_uw : 16242626
api:I:2021-09-02|16:06:48: [30000000] dpu_dump_power_profiling: nsamples : 24496
api:I:2021-09-02|16:06:48: [30000000] dpu_dump_power_profiling: time_us : 2242179
api:I:2021-09-02|16:06:48: [30000000] dpu_dump_power_profiling: Tsample_us : 91
